<?xml version="1.0" encoding="UTF-8"?>
<!-- Generated by org.testng.reporters.JUnitXMLReporter -->
<testsuite ignored="0" hostname="DESKTOP-O0RSMQB" failures="0" tests="3" name="Test" time="35.162" errors="0" timestamp="22 Apr 2019 13:24:53 GMT">
  <testcase classname="com.Test.TestTrail" name="googleTitleTest" time="0.062"/>
  <testcase classname="com.Test.TestNG" name="main" time="3.427"/>
  <testcase classname="com.Test.NewTest" name="googleTitleTest" time="0.023"/>
</testsuite> <!-- Test -->
